This file contains any messages produced by compilers while
running configure, to aid debugging if configure makes a mistake.

It was created by SDL2_ttf configure 2.0.18, which was
generated by GNU Autoconf 2.69.  Invocation command line was

  $ ./configure 

## --------- ##
## Platform. ##
## --------- ##

hostname = kali
uname -m = x86_64
uname -r = 5.10.0-kali9-amd64
uname -s = Linux
uname -v = #1 SMP Debian 5.10.46-4kali1 (2021-08-09)

/usr/bin/uname -p = unknown
/bin/uname -X     = unknown

/bin/arch              = x86_64
/usr/bin/arch -k       = unknown
/usr/convex/getsysinfo = unknown
/usr/bin/hostinfo      = unknown
/bin/machine           = unknown
/usr/bin/oslevel       = unknown
/bin/universe          = unknown

PATH: /usr/local/sbin
PATH: /usr/local/bin
PATH: /usr/sbin
PATH: /usr/bin
PATH: /sbin
PATH: /bin
PATH: /usr/local/games
PATH: /usr/games


## ----------- ##
## Core tests. ##
## ----------- ##

configure:2791: checking build system type
configure:2805: result: x86_64-pc-linux-gnu
configure:2825: checking host system type
configure:2838: result: x86_64-pc-linux-gnu
configure:2909: checking for gcc
configure:2925: found /usr/bin/gcc
configure:2936: result: gcc
configure:3165: checking for C compiler version
configure:3174: gcc --version >&5
gcc (Debian 10.2.1-6) 10.2.1 20210110
Copyright (C) 2020 Free Software Foundation, Inc.
This is free software; see the source for copying conditions.  There is NO
warranty; not even for MERCHANTABILITY or FITNESS FOR A PARTICULAR PURPOSE.

configure:3185: $? = 0
configure:3174: gcc -v >&5
Using built-in specs.
COLLECT_GCC=gcc
COLLECT_LTO_WRAPPER=/usr/lib/gcc/x86_64-linux-gnu/10/lto-wrapper
OFFLOAD_TARGET_NAMES=nvptx-none:amdgcn-amdhsa:hsa
OFFLOAD_TARGET_DEFAULT=1
Target: x86_64-linux-gnu
Configured with: ../src/configure -v --with-pkgversion='Debian 10.2.1-6' --with-bugurl=file:///usr/share/doc/gcc-10/README.Bugs --enable-languages=c,ada,c++,go,brig,d,fortran,objc,obj-c++,m2 --prefix=/usr --with-gcc-major-version-only --program-suffix=-10 --program-prefix=x86_64-linux-gnu- --enable-shared --enable-linker-build-id --libexecdir=/usr/lib --without-included-gettext --enable-threads=posix --libdir=/usr/lib --enable-nls --enable-bootstrap --enable-clocale=gnu --enable-libstdcxx-debug --enable-libstdcxx-time=yes --with-default-libstdcxx-abi=new --enable-gnu-unique-object --disable-vtable-verify --enable-plugin --enable-default-pie --with-system-zlib --enable-libphobos-checking=release --with-target-system-zlib=auto --enable-objc-gc=auto --enable-multiarch --disable-werror --with-arch-32=i686 --with-abi=m64 --with-multilib-list=m32,m64,mx32 --enable-multilib --with-tune=generic --enable-offload-targets=nvptx-none=/build/gcc-10-Km9U7s/gcc-10-10.2.1/debian/tmp-nvptx/usr,amdgcn-amdhsa=/build/gcc-10-Km9U7s/gcc-10-10.2.1/debian/tmp-gcn/usr,hsa --without-cuda-driver --enable-checking=release --build=x86_64-linux-gnu --host=x86_64-linux-gnu --target=x86_64-linux-gnu --with-build-config=bootstrap-lto-lean --enable-link-mutex
Thread model: posix
Supported LTO compression algorithms: zlib zstd
gcc version 10.2.1 20210110 (Debian 10.2.1-6) 
... rest of stderr output deleted ...
configure:3185: $? = 0
configure:3174: gcc -V >&5
gcc: error: unrecognized command-line option '-V'
gcc: fatal error: no input files
compilation terminated.
configure:3185: $? = 1
configure:3174: gcc -qversion >&5
gcc: error: unrecognized command-line option '-qversion'; did you mean '--version'?
gcc: fatal error: no input files
compilation terminated.
configure:3185: $? = 1
configure:3205: checking whether the C compiler works
configure:3227: gcc    conftest.c  >&5
configure:3231: $? = 0
configure:3279: result: yes
configure:3282: checking for C compiler default output file name
configure:3284: result: a.out
configure:3290: checking for suffix of executables
configure:3297: gcc -o conftest    conftest.c  >&5
configure:3301: $? = 0
configure:3323: result: 
configure:3345: checking whether we are cross compiling
configure:3353: gcc -o conftest    conftest.c  >&5
configure:3357: $? = 0
configure:3364: ./conftest
configure:3368: $? = 0
configure:3383: result: no
configure:3388: checking for suffix of object files
configure:3410: gcc -c   conftest.c >&5
configure:3414: $? = 0
configure:3435: result: o
configure:3439: checking whether we are using the GNU C compiler
configure:3458: gcc -c   conftest.c >&5
configure:3458: $? = 0
configure:3467: result: yes
configure:3476: checking whether gcc accepts -g
configure:3496: gcc -c -g  conftest.c >&5
configure:3496: $? = 0
configure:3537: result: yes
configure:3554: checking for gcc option to accept ISO C89
configure:3617: gcc  -c -g -O2  conftest.c >&5
configure:3617: $? = 0
configure:3630: result: none needed
configure:3655: checking whether gcc understands -c and -o together
configure:3677: gcc -c conftest.c -o conftest2.o
configure:3680: $? = 0
configure:3677: gcc -c conftest.c -o conftest2.o
configure:3680: $? = 0
configure:3692: result: yes
configure:3709: checking for a sed that does not truncate output
configure:3773: result: /usr/bin/sed
configure:3791: checking for grep that handles long lines and -e
configure:3849: result: /usr/bin/grep
configure:3854: checking for egrep
configure:3916: result: /usr/bin/grep -E
configure:3921: checking for fgrep
configure:3983: result: /usr/bin/grep -F
configure:4018: checking for ld used by gcc
configure:4085: result: /usr/bin/ld
configure:4092: checking if the linker (/usr/bin/ld) is GNU ld
configure:4107: result: yes
configure:4119: checking for BSD- or MS-compatible name lister (nm)
configure:4168: result: /usr/bin/nm -B
configure:4286: checking the name lister (/usr/bin/nm -B) interface
configure:4293: gcc -c -g -O2  conftest.c >&5
configure:4296: /usr/bin/nm -B "conftest.o"
configure:4299: output
0000000000000000 B some_variable
configure:4306: result: BSD nm
configure:4309: checking whether ln -s works
configure:4313: result: yes
configure:4321: checking the maximum length of command line arguments
configure:4447: result: 1572864
configure:4464: checking whether the shell understands some XSI constructs
configure:4474: result: yes
configure:4478: checking whether the shell understands "+="
configure:4484: result: yes
configure:4519: checking for /usr/bin/ld option to reload object files
configure:4526: result: -r
configure:4595: checking for objdump
configure:4611: found /usr/bin/objdump
configure:4622: result: objdump
configure:4651: checking how to recognize dependent libraries
configure:4852: result: pass_all
configure:4912: checking for ar
configure:4928: found /usr/bin/ar
configure:4939: result: ar
configure:5017: checking for strip
configure:5033: found /usr/bin/strip
configure:5044: result: strip
configure:5116: checking for ranlib
configure:5132: found /usr/bin/ranlib
configure:5143: result: ranlib
configure:5233: checking command to parse /usr/bin/nm -B output from gcc object
configure:5351: gcc -c -g -O2  conftest.c >&5
configure:5354: $? = 0
configure:5358: /usr/bin/nm -B conftest.o \| sed -n -e 's/^.*[	 ]\([ABCDGIRSTW][ABCDGIRSTW]*\)[	 ][	 ]*\([_A-Za-z][_A-Za-z0-9]*\)$/\1 \2 \2/p' \> conftest.nm
configure:5361: $? = 0
configure:5415: gcc -o conftest -g -O2   conftest.c conftstm.o >&5
configure:5418: $? = 0
configure:5456: result: ok
configure:5552: gcc -c -g -O2  conftest.c >&5
configure:5555: $? = 0
configure:6263: checking how to run the C preprocessor
configure:6294: gcc -E  conftest.c
configure:6294: $? = 0
configure:6308: gcc -E  conftest.c
conftest.c:9:10: fatal error: ac_nonexistent.h: No such file or directory
    9 | #include <ac_nonexistent.h>
      |          ^~~~~~~~~~~~~~~~~~
compilation terminated.
configure:6308: $? = 1
configure: failed program was:
| /* confdefs.h */
| #define PACKAGE_NAME "SDL2_ttf"
| #define PACKAGE_TARNAME "SDL2_ttf"
| #define PACKAGE_VERSION "2.0.18"
| #define PACKAGE_STRING "SDL2_ttf 2.0.18"
| #define PACKAGE_BUGREPORT "https://github.com/libsdl-org/SDL_ttf/issues"
| #define PACKAGE_URL ""
| /* end confdefs.h.  */
| #include <ac_nonexistent.h>
configure:6333: result: gcc -E
configure:6353: gcc -E  conftest.c
configure:6353: $? = 0
configure:6367: gcc -E  conftest.c
conftest.c:9:10: fatal error: ac_nonexistent.h: No such file or directory
    9 | #include <ac_nonexistent.h>
      |          ^~~~~~~~~~~~~~~~~~
compilation terminated.
configure:6367: $? = 1
configure: failed program was:
| /* confdefs.h */
| #define PACKAGE_NAME "SDL2_ttf"
| #define PACKAGE_TARNAME "SDL2_ttf"
| #define PACKAGE_VERSION "2.0.18"
| #define PACKAGE_STRING "SDL2_ttf 2.0.18"
| #define PACKAGE_BUGREPORT "https://github.com/libsdl-org/SDL_ttf/issues"
| #define PACKAGE_URL ""
| /* end confdefs.h.  */
| #include <ac_nonexistent.h>
configure:6396: checking for ANSI C header files
configure:6416: gcc -c -g -O2  conftest.c >&5
configure:6416: $? = 0
configure:6489: gcc -o conftest -g -O2   conftest.c  >&5
configure:6489: $? = 0
configure:6489: ./conftest
configure:6489: $? = 0
configure:6500: result: yes
configure:6513: checking for sys/types.h
configure:6513: gcc -c -g -O2  conftest.c >&5
configure:6513: $? = 0
configure:6513: result: yes
configure:6513: checking for sys/stat.h
configure:6513: gcc -c -g -O2  conftest.c >&5
configure:6513: $? = 0
configure:6513: result: yes
configure:6513: checking for stdlib.h
configure:6513: gcc -c -g -O2  conftest.c >&5
configure:6513: $? = 0
configure:6513: result: yes
configure:6513: checking for string.h
configure:6513: gcc -c -g -O2  conftest.c >&5
configure:6513: $? = 0
configure:6513: result: yes
configure:6513: checking for memory.h
configure:6513: gcc -c -g -O2  conftest.c >&5
configure:6513: $? = 0
configure:6513: result: yes
configure:6513: checking for strings.h
configure:6513: gcc -c -g -O2  conftest.c >&5
configure:6513: $? = 0
configure:6513: result: yes
configure:6513: checking for inttypes.h
configure:6513: gcc -c -g -O2  conftest.c >&5
configure:6513: $? = 0
configure:6513: result: yes
configure:6513: checking for stdint.h
configure:6513: gcc -c -g -O2  conftest.c >&5
configure:6513: $? = 0
configure:6513: result: yes
configure:6513: checking for unistd.h
configure:6513: gcc -c -g -O2  conftest.c >&5
configure:6513: $? = 0
configure:6513: result: yes
configure:6527: checking for dlfcn.h
configure:6527: gcc -c -g -O2  conftest.c >&5
configure:6527: $? = 0
configure:6527: result: yes
configure:7009: checking for objdir
configure:7024: result: .libs
configure:7320: checking if gcc supports -fno-rtti -fno-exceptions
configure:7338: gcc -c -g -O2  -fno-rtti -fno-exceptions conftest.c >&5
cc1: warning: command-line option '-fno-rtti' is valid for C++/D/ObjC++ but not for C
configure:7342: $? = 0
configure:7355: result: no
configure:7375: checking for gcc option to produce PIC
configure:7657: result: -fPIC -DPIC
configure:7669: checking if gcc PIC flag -fPIC -DPIC works
configure:7687: gcc -c -g -O2  -fPIC -DPIC -DPIC conftest.c >&5
configure:7691: $? = 0
configure:7704: result: yes
configure:7728: checking if gcc static flag -static works
configure:7756: result: yes
configure:7771: checking if gcc supports -c -o file.o
configure:7792: gcc -c -g -O2  -o out/conftest2.o conftest.c >&5
configure:7796: $? = 0
configure:7818: result: yes
configure:7826: checking if gcc supports -c -o file.o
configure:7873: result: yes
configure:7906: checking whether the gcc linker (/usr/bin/ld -m elf_x86_64) supports shared libraries
configure:8941: result: yes
configure:8978: checking whether -lc should be explicitly linked in
configure:8983: gcc -c -g -O2  conftest.c >&5
configure:8986: $? = 0
configure:9001: gcc -shared conftest.o  -v -Wl,-soname -Wl,conftest -o conftest 2\>\&1 \| /usr/bin/grep  -lc  \>/dev/null 2\>\&1
configure:9004: $? = 0
configure:9016: result: no
configure:9180: checking dynamic linker characteristics
configure:9615: gcc -o conftest -g -O2   -Wl,-rpath -Wl,/foo conftest.c  >&5
configure:9615: $? = 0
configure:9858: result: GNU/Linux ld.so
configure:9960: checking how to hardcode library paths into programs
configure:9985: result: immediate
configure:10505: checking whether stripping libraries is possible
configure:10510: result: yes
configure:10545: checking if libtool supports shared libraries
configure:10547: result: yes
configure:10550: checking whether to build shared libraries
configure:10571: result: yes
configure:10574: checking whether to build static libraries
configure:10578: result: yes
configure:10643: checking for a BSD-compatible install
configure:10711: result: /usr/bin/install -c
configure:10722: checking whether build environment is sane
configure:10777: result: yes
configure:10920: checking for a thread-safe mkdir -p
configure:10959: result: /usr/bin/mkdir -p
configure:10966: checking for gawk
configure:10982: found /usr/bin/gawk
configure:10993: result: gawk
configure:11004: checking whether make sets $(MAKE)
configure:11026: result: yes
configure:11048: checking whether make supports the include directive
configure:11063: make -f confmf.GNU && cat confinc.out
this is the am__doit target
configure:11066: $? = 0
configure:11085: result: yes (GNU style)
configure:11118: checking whether make supports nested variables
configure:11135: result: yes
configure:11224: checking whether UID '1000' is supported by ustar format
configure:11227: result: yes
configure:11234: checking whether GID '1000' is supported by ustar format
configure:11237: result: yes
configure:11245: checking how to create a ustar tar archive
configure:11256: tar --version
tar (GNU tar) 1.34
Copyright (C) 2021 Free Software Foundation, Inc.
License GPLv3+: GNU GPL version 3 or later <https://gnu.org/licenses/gpl.html>.
This is free software: you are free to change and redistribute it.
There is NO WARRANTY, to the extent permitted by law.

Written by John Gilmore and Jay Fenlason.
configure:11259: $? = 0
configure:11299: tardir=conftest.dir && eval tar --format=ustar -cf - "$tardir" >conftest.tar
configure:11302: $? = 0
configure:11306: tar -xf - <conftest.tar
configure:11309: $? = 0
configure:11311: cat conftest.dir/file
GrepMe
configure:11314: $? = 0
configure:11327: result: gnutar
configure:11336: checking dependency style of gcc
configure:11447: result: gcc3
configure:11568: checking for gcc
configure:11595: result: gcc
configure:11824: checking for C compiler version
configure:11833: gcc --version >&5
gcc (Debian 10.2.1-6) 10.2.1 20210110
Copyright (C) 2020 Free Software Foundation, Inc.
This is free software; see the source for copying conditions.  There is NO
warranty; not even for MERCHANTABILITY or FITNESS FOR A PARTICULAR PURPOSE.

configure:11844: $? = 0
configure:11833: gcc -v >&5
Using built-in specs.
COLLECT_GCC=gcc
COLLECT_LTO_WRAPPER=/usr/lib/gcc/x86_64-linux-gnu/10/lto-wrapper
OFFLOAD_TARGET_NAMES=nvptx-none:amdgcn-amdhsa:hsa
OFFLOAD_TARGET_DEFAULT=1
Target: x86_64-linux-gnu
Configured with: ../src/configure -v --with-pkgversion='Debian 10.2.1-6' --with-bugurl=file:///usr/share/doc/gcc-10/README.Bugs --enable-languages=c,ada,c++,go,brig,d,fortran,objc,obj-c++,m2 --prefix=/usr --with-gcc-major-version-only --program-suffix=-10 --program-prefix=x86_64-linux-gnu- --enable-shared --enable-linker-build-id --libexecdir=/usr/lib --without-included-gettext --enable-threads=posix --libdir=/usr/lib --enable-nls --enable-bootstrap --enable-clocale=gnu --enable-libstdcxx-debug --enable-libstdcxx-time=yes --with-default-libstdcxx-abi=new --enable-gnu-unique-object --disable-vtable-verify --enable-plugin --enable-default-pie --with-system-zlib --enable-libphobos-checking=release --with-target-system-zlib=auto --enable-objc-gc=auto --enable-multiarch --disable-werror --with-arch-32=i686 --with-abi=m64 --with-multilib-list=m32,m64,mx32 --enable-multilib --with-tune=generic --enable-offload-targets=nvptx-none=/build/gcc-10-Km9U7s/gcc-10-10.2.1/debian/tmp-nvptx/usr,amdgcn-amdhsa=/build/gcc-10-Km9U7s/gcc-10-10.2.1/debian/tmp-gcn/usr,hsa --without-cuda-driver --enable-checking=release --build=x86_64-linux-gnu --host=x86_64-linux-gnu --target=x86_64-linux-gnu --with-build-config=bootstrap-lto-lean --enable-link-mutex
Thread model: posix
Supported LTO compression algorithms: zlib zstd
gcc version 10.2.1 20210110 (Debian 10.2.1-6) 
... rest of stderr output deleted ...
configure:11844: $? = 0
configure:11833: gcc -V >&5
gcc: error: unrecognized command-line option '-V'
gcc: fatal error: no input files
compilation terminated.
configure:11844: $? = 1
configure:11833: gcc -qversion >&5
gcc: error: unrecognized command-line option '-qversion'; did you mean '--version'?
gcc: fatal error: no input files
compilation terminated.
configure:11844: $? = 1
configure:11848: checking whether we are using the GNU C compiler
configure:11876: result: yes
configure:11885: checking whether gcc accepts -g
configure:11946: result: yes
configure:11963: checking for gcc option to accept ISO C89
configure:12039: result: none needed
configure:12064: checking whether gcc understands -c and -o together
configure:12101: result: yes
configure:12176: checking for g++
configure:12192: found /usr/bin/g++
configure:12203: result: g++
configure:12230: checking for C++ compiler version
configure:12239: g++ --version >&5
g++ (Debian 10.2.1-6) 10.2.1 20210110
Copyright (C) 2020 Free Software Foundation, Inc.
This is free software; see the source for copying conditions.  There is NO
warranty; not even for MERCHANTABILITY or FITNESS FOR A PARTICULAR PURPOSE.

configure:12250: $? = 0
configure:12239: g++ -v >&5
Using built-in specs.
COLLECT_GCC=g++
COLLECT_LTO_WRAPPER=/usr/lib/gcc/x86_64-linux-gnu/10/lto-wrapper
OFFLOAD_TARGET_NAMES=nvptx-none:amdgcn-amdhsa:hsa
OFFLOAD_TARGET_DEFAULT=1
Target: x86_64-linux-gnu
Configured with: ../src/configure -v --with-pkgversion='Debian 10.2.1-6' --with-bugurl=file:///usr/share/doc/gcc-10/README.Bugs --enable-languages=c,ada,c++,go,brig,d,fortran,objc,obj-c++,m2 --prefix=/usr --with-gcc-major-version-only --program-suffix=-10 --program-prefix=x86_64-linux-gnu- --enable-shared --enable-linker-build-id --libexecdir=/usr/lib --without-included-gettext --enable-threads=posix --libdir=/usr/lib --enable-nls --enable-bootstrap --enable-clocale=gnu --enable-libstdcxx-debug --enable-libstdcxx-time=yes --with-default-libstdcxx-abi=new --enable-gnu-unique-object --disable-vtable-verify --enable-plugin --enable-default-pie --with-system-zlib --enable-libphobos-checking=release --with-target-system-zlib=auto --enable-objc-gc=auto --enable-multiarch --disable-werror --with-arch-32=i686 --with-abi=m64 --with-multilib-list=m32,m64,mx32 --enable-multilib --with-tune=generic --enable-offload-targets=nvptx-none=/build/gcc-10-Km9U7s/gcc-10-10.2.1/debian/tmp-nvptx/usr,amdgcn-amdhsa=/build/gcc-10-Km9U7s/gcc-10-10.2.1/debian/tmp-gcn/usr,hsa --without-cuda-driver --enable-checking=release --build=x86_64-linux-gnu --host=x86_64-linux-gnu --target=x86_64-linux-gnu --with-build-config=bootstrap-lto-lean --enable-link-mutex
Thread model: posix
Supported LTO compression algorithms: zlib zstd
gcc version 10.2.1 20210110 (Debian 10.2.1-6) 
... rest of stderr output deleted ...
configure:12250: $? = 0
configure:12239: g++ -V >&5
g++: error: unrecognized command-line option '-V'
g++: fatal error: no input files
compilation terminated.
configure:12250: $? = 1
configure:12239: g++ -qversion >&5
g++: error: unrecognized command-line option '-qversion'; did you mean '--version'?
g++: fatal error: no input files
compilation terminated.
configure:12250: $? = 1
configure:12254: checking whether we are using the GNU C++ compiler
configure:12273: g++ -c   conftest.cpp >&5
configure:12273: $? = 0
configure:12282: result: yes
configure:12291: checking whether g++ accepts -g
configure:12311: g++ -c -g  conftest.cpp >&5
configure:12311: $? = 0
configure:12352: result: yes
configure:12488: checking for C++ compiler version
configure:12497: g++ --version >&5
g++ (Debian 10.2.1-6) 10.2.1 20210110
Copyright (C) 2020 Free Software Foundation, Inc.
This is free software; see the source for copying conditions.  There is NO
warranty; not even for MERCHANTABILITY or FITNESS FOR A PARTICULAR PURPOSE.

configure:12508: $? = 0
configure:12497: g++ -v >&5
Using built-in specs.
COLLECT_GCC=g++
COLLECT_LTO_WRAPPER=/usr/lib/gcc/x86_64-linux-gnu/10/lto-wrapper
OFFLOAD_TARGET_NAMES=nvptx-none:amdgcn-amdhsa:hsa
OFFLOAD_TARGET_DEFAULT=1
Target: x86_64-linux-gnu
Configured with: ../src/configure -v --with-pkgversion='Debian 10.2.1-6' --with-bugurl=file:///usr/share/doc/gcc-10/README.Bugs --enable-languages=c,ada,c++,go,brig,d,fortran,objc,obj-c++,m2 --prefix=/usr --with-gcc-major-version-only --program-suffix=-10 --program-prefix=x86_64-linux-gnu- --enable-shared --enable-linker-build-id --libexecdir=/usr/lib --without-included-gettext --enable-threads=posix --libdir=/usr/lib --enable-nls --enable-bootstrap --enable-clocale=gnu --enable-libstdcxx-debug --enable-libstdcxx-time=yes --with-default-libstdcxx-abi=new --enable-gnu-unique-object --disable-vtable-verify --enable-plugin --enable-default-pie --with-system-zlib --enable-libphobos-checking=release --with-target-system-zlib=auto --enable-objc-gc=auto --enable-multiarch --disable-werror --with-arch-32=i686 --with-abi=m64 --with-multilib-list=m32,m64,mx32 --enable-multilib --with-tune=generic --enable-offload-targets=nvptx-none=/build/gcc-10-Km9U7s/gcc-10-10.2.1/debian/tmp-nvptx/usr,amdgcn-amdhsa=/build/gcc-10-Km9U7s/gcc-10-10.2.1/debian/tmp-gcn/usr,hsa --without-cuda-driver --enable-checking=release --build=x86_64-linux-gnu --host=x86_64-linux-gnu --target=x86_64-linux-gnu --with-build-config=bootstrap-lto-lean --enable-link-mutex
Thread model: posix
Supported LTO compression algorithms: zlib zstd
gcc version 10.2.1 20210110 (Debian 10.2.1-6) 
... rest of stderr output deleted ...
configure:12508: $? = 0
configure:12497: g++ -V >&5
g++: error: unrecognized command-line option '-V'
g++: fatal error: no input files
compilation terminated.
configure:12508: $? = 1
configure:12497: g++ -qversion >&5
g++: error: unrecognized command-line option '-qversion'; did you mean '--version'?
g++: fatal error: no input files
compilation terminated.
configure:12508: $? = 1
configure:12512: checking whether we are using the GNU C++ compiler
configure:12540: result: yes
configure:12549: checking whether g++ accepts -g
configure:12610: result: yes
configure:12635: checking dependency style of g++
configure:12746: result: gcc3
configure:12769: checking how to run the C++ preprocessor
configure:12796: g++ -E  conftest.cpp
configure:12796: $? = 0
configure:12810: g++ -E  conftest.cpp
conftest.cpp:23:10: fatal error: ac_nonexistent.h: No such file or directory
   23 | #include <ac_nonexistent.h>
      |          ^~~~~~~~~~~~~~~~~~
compilation terminated.
configure:12810: $? = 1
configure: failed program was:
| /* confdefs.h */
| #define PACKAGE_NAME "SDL2_ttf"
| #define PACKAGE_TARNAME "SDL2_ttf"
| #define PACKAGE_VERSION "2.0.18"
| #define PACKAGE_STRING "SDL2_ttf 2.0.18"
| #define PACKAGE_BUGREPORT "https://github.com/libsdl-org/SDL_ttf/issues"
| #define PACKAGE_URL ""
| #define STDC_HEADERS 1
| #define HAVE_SYS_TYPES_H 1
| #define HAVE_SYS_STAT_H 1
| #define HAVE_STDLIB_H 1
| #define HAVE_STRING_H 1
| #define HAVE_MEMORY_H 1
| #define HAVE_STRINGS_H 1
| #define HAVE_INTTYPES_H 1
| #define HAVE_STDINT_H 1
| #define HAVE_UNISTD_H 1
| #define HAVE_DLFCN_H 1
| #define LT_OBJDIR ".libs/"
| #define PACKAGE "SDL2_ttf"
| #define VERSION "2.0.18"
| /* end confdefs.h.  */
| #include <ac_nonexistent.h>
configure:12835: result: g++ -E
configure:12855: g++ -E  conftest.cpp
configure:12855: $? = 0
configure:12869: g++ -E  conftest.cpp
conftest.cpp:23:10: fatal error: ac_nonexistent.h: No such file or directory
   23 | #include <ac_nonexistent.h>
      |          ^~~~~~~~~~~~~~~~~~
compilation terminated.
configure:12869: $? = 1
configure: failed program was:
| /* confdefs.h */
| #define PACKAGE_NAME "SDL2_ttf"
| #define PACKAGE_TARNAME "SDL2_ttf"
| #define PACKAGE_VERSION "2.0.18"
| #define PACKAGE_STRING "SDL2_ttf 2.0.18"
| #define PACKAGE_BUGREPORT "https://github.com/libsdl-org/SDL_ttf/issues"
| #define PACKAGE_URL ""
| #define STDC_HEADERS 1
| #define HAVE_SYS_TYPES_H 1
| #define HAVE_SYS_STAT_H 1
| #define HAVE_STDLIB_H 1
| #define HAVE_STRING_H 1
| #define HAVE_MEMORY_H 1
| #define HAVE_STRINGS_H 1
| #define HAVE_INTTYPES_H 1
| #define HAVE_STDINT_H 1
| #define HAVE_UNISTD_H 1
| #define HAVE_DLFCN_H 1
| #define LT_OBJDIR ".libs/"
| #define PACKAGE "SDL2_ttf"
| #define VERSION "2.0.18"
| /* end confdefs.h.  */
| #include <ac_nonexistent.h>
configure:13037: checking for ld used by g++
configure:13104: result: /usr/bin/ld -m elf_x86_64
configure:13111: checking if the linker (/usr/bin/ld -m elf_x86_64) is GNU ld
configure:13126: result: yes
configure:13181: checking whether the g++ linker (/usr/bin/ld -m elf_x86_64) supports shared libraries
configure:14122: result: yes
configure:14150: g++ -c -g -O2  conftest.cpp >&5
configure:14153: $? = 0
configure:14335: checking for g++ option to produce PIC
configure:14657: result: -fPIC -DPIC
configure:14666: checking if g++ PIC flag -fPIC -DPIC works
configure:14684: g++ -c -g -O2  -fPIC -DPIC -DPIC conftest.cpp >&5
configure:14688: $? = 0
configure:14701: result: yes
configure:14722: checking if g++ static flag -static works
configure:14750: result: yes
configure:14762: checking if g++ supports -c -o file.o
configure:14783: g++ -c -g -O2  -o out/conftest2.o conftest.cpp >&5
configure:14787: $? = 0
configure:14809: result: yes
configure:14814: checking if g++ supports -c -o file.o
configure:14861: result: yes
configure:14891: checking whether the g++ linker (/usr/bin/ld -m elf_x86_64) supports shared libraries
configure:14917: result: yes
configure:15054: checking dynamic linker characteristics
configure:15437: g++ -o conftest -g -O2   -Wl,-rpath -Wl,/foo conftest.cpp  >&5
configure:15437: $? = 0
configure:15680: result: GNU/Linux ld.so
configure:15731: checking how to hardcode library paths into programs
configure:15756: result: immediate
configure:15797: checking dependency style of g++
configure:15908: result: gcc3
configure:15924: checking whether make sets $(MAKE)
configure:15946: result: yes
configure:15964: checking for windres
configure:15994: result: no
configure:15964: checking for linux-gnu-windres
configure:15994: result: no
configure:16007: checking for size_t
configure:16007: gcc -c -g -O2  conftest.c >&5
configure:16007: $? = 0
configure:16007: gcc -c -g -O2  conftest.c >&5
conftest.c: In function 'main':
conftest.c:59:21: error: expected expression before ')' token
   59 | if (sizeof ((size_t)))
      |                     ^
configure:16007: $? = 1
configure: failed program was:
| /* confdefs.h */
| #define PACKAGE_NAME "SDL2_ttf"
| #define PACKAGE_TARNAME "SDL2_ttf"
| #define PACKAGE_VERSION "2.0.18"
| #define PACKAGE_STRING "SDL2_ttf 2.0.18"
| #define PACKAGE_BUGREPORT "https://github.com/libsdl-org/SDL_ttf/issues"
| #define PACKAGE_URL ""
| #define STDC_HEADERS 1
| #define HAVE_SYS_TYPES_H 1
| #define HAVE_SYS_STAT_H 1
| #define HAVE_STDLIB_H 1
| #define HAVE_STRING_H 1
| #define HAVE_MEMORY_H 1
| #define HAVE_STRINGS_H 1
| #define HAVE_INTTYPES_H 1
| #define HAVE_STDINT_H 1
| #define HAVE_UNISTD_H 1
| #define HAVE_DLFCN_H 1
| #define LT_OBJDIR ".libs/"
| #define PACKAGE "SDL2_ttf"
| #define VERSION "2.0.18"
| /* end confdefs.h.  */
| #include <stdio.h>
| #ifdef HAVE_SYS_TYPES_H
| # include <sys/types.h>
| #endif
| #ifdef HAVE_SYS_STAT_H
| # include <sys/stat.h>
| #endif
| #ifdef STDC_HEADERS
| # include <stdlib.h>
| # include <stddef.h>
| #else
| # ifdef HAVE_STDLIB_H
| #  include <stdlib.h>
| # endif
| #endif
| #ifdef HAVE_STRING_H
| # if !defined STDC_HEADERS && defined HAVE_MEMORY_H
| #  include <memory.h>
| # endif
| # include <string.h>
| #endif
| #ifdef HAVE_STRINGS_H
| # include <strings.h>
| #endif
| #ifdef HAVE_INTTYPES_H
| # include <inttypes.h>
| #endif
| #ifdef HAVE_STDINT_H
| # include <stdint.h>
| #endif
| #ifdef HAVE_UNISTD_H
| # include <unistd.h>
| #endif
| int
| main ()
| {
| if (sizeof ((size_t)))
| 	    return 0;
|   ;
|   return 0;
| }
configure:16007: result: yes
configure:16020: checking for working alloca.h
configure:16037: gcc -o conftest -g -O2   conftest.c  >&5
configure:16037: $? = 0
configure:16045: result: yes
configure:16053: checking for alloca
configure:16090: gcc -o conftest -g -O2   conftest.c  >&5
configure:16090: $? = 0
configure:16098: result: yes
configure:16301: checking for pkg-config
configure:16319: found /usr/bin/pkg-config
configure:16331: result: /usr/bin/pkg-config
configure:16356: checking pkg-config is at least version 0.9.0
configure:16359: result: yes
configure:16396: checking for sdl2 >= 2.0.12
configure:16403: $PKG_CONFIG --exists --print-errors "sdl2 >= $min_sdl_version"
configure:16406: $? = 0
configure:16420: $PKG_CONFIG --exists --print-errors "sdl2 >= $min_sdl_version"
configure:16423: $? = 0
configure:16461: result: yes
configure:16691: checking for GCC -Wall option
configure:16708: gcc -c -g -O2 -D_REENTRANT -I/usr/include/SDL2 -Wall  conftest.c >&5
configure:16708: $? = 0
configure:16712: result: yes
configure:16720: checking for necessary GCC -Wno-multichar option
configure:16728: result: no
configure:16739: checking for GCC -fvisibility=hidden option
configure:16768: gcc -c -g -O2 -D_REENTRANT -I/usr/include/SDL2 -Wall -fvisibility=hidden -Werror  conftest.c >&5
configure:16768: $? = 0
configure:16772: result: yes
configure:17534: checking whether g++ supports C++11 features by default
configure:17828: g++ -c -g -O2 -Wall -fvisibility=hidden  conftest.cpp >&5
configure:17828: $? = 0
configure:17835: result: yes
configure:18514: checking alignment of struct{char;}
configure:18519: gcc -o conftest -g -O2 -D_REENTRANT -I/usr/include/SDL2 -Wall -fvisibility=hidden   conftest.c  -lSDL2 >&5
conftest.c:63:37: warning: declaration does not declare anything
   63 | typedef struct { char x; struct{char;} y; } ac__type_alignof_;
      |                                     ^
configure:18519: $? = 0
configure:18519: ./conftest
configure:18519: $? = 0
configure:18537: result: 1
configure:18729: checking for X
configure:18765: gcc -o conftest -g -O2 -D_REENTRANT -I/usr/include/SDL2 -Wall -fvisibility=hidden   conftest.c -lX11  -lSDL2 >&5
configure:18765: $? = 0
configure:18948: result: libraries , headers 
configure:19047: gcc -o conftest -g -O2 -D_REENTRANT -I/usr/include/SDL2 -Wall -fvisibility=hidden   conftest.c  -lSDL2  -lX11 >&5
configure:19047: $? = 0
configure:19145: checking for gethostbyname
configure:19145: gcc -o conftest -g -O2 -D_REENTRANT -I/usr/include/SDL2 -Wall -fvisibility=hidden   conftest.c  -lSDL2 >&5
configure:19145: $? = 0
configure:19145: result: yes
configure:19242: checking for connect
configure:19242: gcc -o conftest -g -O2 -D_REENTRANT -I/usr/include/SDL2 -Wall -fvisibility=hidden   conftest.c  -lSDL2 >&5
configure:19242: $? = 0
configure:19242: result: yes
configure:19291: checking for remove
configure:19291: gcc -o conftest -g -O2 -D_REENTRANT -I/usr/include/SDL2 -Wall -fvisibility=hidden   conftest.c  -lSDL2 >&5
configure:19291: $? = 0
configure:19291: result: yes
configure:19340: checking for shmat
configure:19340: gcc -o conftest -g -O2 -D_REENTRANT -I/usr/include/SDL2 -Wall -fvisibility=hidden   conftest.c  -lSDL2 >&5
configure:19340: $? = 0
configure:19340: result: yes
configure:19398: checking for IceConnectionNumber in -lICE
configure:19423: gcc -o conftest -g -O2 -D_REENTRANT -I/usr/include/SDL2 -Wall -fvisibility=hidden   conftest.c -lICE   -lSDL2 >&5
configure:19423: $? = 0
configure:19432: result: yes
configure:19450: checking for OpenGL support
configure:19470: gcc -o conftest -g -O2 -D_REENTRANT -I/usr/include/SDL2 -Wall -fvisibility=hidden    conftest.c  -lSDL2  -lGL >&5
configure:19470: $? = 0
configure:19475: result: yes
configure:19635: checking that generated files are newer than configure
configure:19641: result: done
configure:19688: creating ./config.status

## ---------------------- ##
## Running config.status. ##
## ---------------------- ##

This file was extended by SDL2_ttf config.status 2.0.18, which was
generated by GNU Autoconf 2.69.  Invocation command line was

  CONFIG_FILES    = 
  CONFIG_HEADERS  = 
  CONFIG_LINKS    = 
  CONFIG_COMMANDS = 
  $ ./config.status 

on kali

config.status:1104: creating Makefile
config.status:1104: creating SDL2_ttf.spec
config.status:1104: creating SDL2_ttf.pc
config.status:1276: executing libtool commands
config.status:1276: executing depfiles commands
config.status:2161: cd .       && sed -e '/# am--include-marker/d' Makefile         | make -f - am--depfiles
config.status:2166: $? = 0
config.status:1276: executing summary commands

## ---------------- ##
## Cache variables. ##
## ---------------- ##

ac_cv_alignof_struct_char__=1
ac_cv_build=x86_64-pc-linux-gnu
ac_cv_c_compiler_gnu=yes
ac_cv_cxx_compiler_gnu=yes
ac_cv_env_CCC_set=
ac_cv_env_CCC_value=
ac_cv_env_CC_set=
ac_cv_env_CC_value=
ac_cv_env_CFLAGS_set=
ac_cv_env_CFLAGS_value=
ac_cv_env_CPPFLAGS_set=
ac_cv_env_CPPFLAGS_value=
ac_cv_env_CPP_set=
ac_cv_env_CPP_value=
ac_cv_env_CXXCPP_set=
ac_cv_env_CXXCPP_value=
ac_cv_env_CXXFLAGS_set=
ac_cv_env_CXXFLAGS_value=
ac_cv_env_CXX_set=
ac_cv_env_CXX_value=
ac_cv_env_FT2_CFLAGS_set=
ac_cv_env_FT2_CFLAGS_value=
ac_cv_env_FT2_LIBS_set=
ac_cv_env_FT2_LIBS_value=
ac_cv_env_HB_CFLAGS_set=
ac_cv_env_HB_CFLAGS_value=
ac_cv_env_HB_LIBS_set=
ac_cv_env_HB_LIBS_value=
ac_cv_env_LDFLAGS_set=
ac_cv_env_LDFLAGS_value=
ac_cv_env_LIBS_set=
ac_cv_env_LIBS_value=
ac_cv_env_PKG_CONFIG_LIBDIR_set=
ac_cv_env_PKG_CONFIG_LIBDIR_value=
ac_cv_env_PKG_CONFIG_PATH_set=
ac_cv_env_PKG_CONFIG_PATH_value=
ac_cv_env_PKG_CONFIG_set=
ac_cv_env_PKG_CONFIG_value=
ac_cv_env_SDL_CFLAGS_set=
ac_cv_env_SDL_CFLAGS_value=
ac_cv_env_SDL_LIBS_set=
ac_cv_env_SDL_LIBS_value=
ac_cv_env_XMKMF_set=
ac_cv_env_XMKMF_value=
ac_cv_env_build_alias_set=
ac_cv_env_build_alias_value=
ac_cv_env_host_alias_set=
ac_cv_env_host_alias_value=
ac_cv_env_target_alias_set=
ac_cv_env_target_alias_value=
ac_cv_func_alloca_works=yes
ac_cv_func_connect=yes
ac_cv_func_gethostbyname=yes
ac_cv_func_remove=yes
ac_cv_func_shmat=yes
ac_cv_have_x='have_x=yes	ac_x_includes='\'''\''	ac_x_libraries='\'''\'''
ac_cv_header_dlfcn_h=yes
ac_cv_header_inttypes_h=yes
ac_cv_header_memory_h=yes
ac_cv_header_stdc=yes
ac_cv_header_stdint_h=yes
ac_cv_header_stdlib_h=yes
ac_cv_header_string_h=yes
ac_cv_header_strings_h=yes
ac_cv_header_sys_stat_h=yes
ac_cv_header_sys_types_h=yes
ac_cv_header_unistd_h=yes
ac_cv_host=x86_64-pc-linux-gnu
ac_cv_lib_ICE_IceConnectionNumber=yes
ac_cv_objext=o
ac_cv_path_EGREP='/usr/bin/grep -E'
ac_cv_path_FGREP='/usr/bin/grep -F'
ac_cv_path_GREP=/usr/bin/grep
ac_cv_path_SED=/usr/bin/sed
ac_cv_path_ac_pt_PKG_CONFIG=/usr/bin/pkg-config
ac_cv_path_install='/usr/bin/install -c'
ac_cv_path_mkdir=/usr/bin/mkdir
ac_cv_prog_AWK=gawk
ac_cv_prog_CPP='gcc -E'
ac_cv_prog_CXXCPP='g++ -E'
ac_cv_prog_ac_ct_AR=ar
ac_cv_prog_ac_ct_CC=gcc
ac_cv_prog_ac_ct_CXX=g++
ac_cv_prog_ac_ct_OBJDUMP=objdump
ac_cv_prog_ac_ct_RANLIB=ranlib
ac_cv_prog_ac_ct_STRIP=strip
ac_cv_prog_cc_c89=
ac_cv_prog_cc_g=yes
ac_cv_prog_cxx_g=yes
ac_cv_prog_make_make_set=yes
ac_cv_type_size_t=yes
ac_cv_working_alloca_h=yes
am_cv_CC_dependencies_compiler_type=gcc3
am_cv_CXX_dependencies_compiler_type=gcc3
am_cv_make_support_nested_variables=yes
am_cv_prog_cc_c_o=yes
am_cv_prog_tar_ustar=gnutar
ax_cv_cxx_compile_cxx11=yes
lt_cv_deplibs_check_method=pass_all
lt_cv_file_magic_cmd='$MAGIC_CMD'
lt_cv_file_magic_test_file=
lt_cv_ld_reload_flag=-r
lt_cv_nm_interface='BSD nm'
lt_cv_objdir=.libs
lt_cv_path_LD=/usr/bin/ld
lt_cv_path_LDCXX='/usr/bin/ld -m elf_x86_64'
lt_cv_path_NM='/usr/bin/nm -B'
lt_cv_prog_compiler_c_o=yes
lt_cv_prog_compiler_c_o_CXX=yes
lt_cv_prog_compiler_pic_works=yes
lt_cv_prog_compiler_pic_works_CXX=yes
lt_cv_prog_compiler_rtti_exceptions=no
lt_cv_prog_compiler_static_works=yes
lt_cv_prog_compiler_static_works_CXX=yes
lt_cv_prog_gnu_ld=yes
lt_cv_prog_gnu_ldcxx=yes
lt_cv_sys_global_symbol_pipe='sed -n -e '\''s/^.*[	 ]\([ABCDGIRSTW][ABCDGIRSTW]*\)[	 ][	 ]*\([_A-Za-z][_A-Za-z0-9]*\)$/\1 \2 \2/p'\'''
lt_cv_sys_global_symbol_to_c_name_address='sed -n -e '\''s/^: \([^ ]*\) $/  {\"\1\", (void *) 0},/p'\'' -e '\''s/^[ABCDGIRSTW]* \([^ ]*\) \([^ ]*\)$/  {"\2", (void *) \&\2},/p'\'''
lt_cv_sys_global_symbol_to_c_name_address_lib_prefix='sed -n -e '\''s/^: \([^ ]*\) $/  {\"\1\", (void *) 0},/p'\'' -e '\''s/^[ABCDGIRSTW]* \([^ ]*\) \(lib[^ ]*\)$/  {"\2", (void *) \&\2},/p'\'' -e '\''s/^[ABCDGIRSTW]* \([^ ]*\) \([^ ]*\)$/  {"lib\2", (void *) \&\2},/p'\'''
lt_cv_sys_global_symbol_to_cdecl='sed -n -e '\''s/^T .* \(.*\)$/extern int \1();/p'\'' -e '\''s/^[ABCDGIRSTW]* .* \(.*\)$/extern char \1;/p'\'''
lt_cv_sys_max_cmd_len=1572864
pkg_cv_SDL_CFLAGS='-D_REENTRANT -I/usr/include/SDL2'
pkg_cv_SDL_LIBS=-lSDL2

## ----------------- ##
## Output variables. ##
## ----------------- ##

ACLOCAL='${SHELL} '\''/home/kali/Bureau/Battle_Ground/SDL2/include/SDL_ttf-main/missing'\'' aclocal-1.16'
ALLOCA=''
AMDEPBACKSLASH='\'
AMDEP_FALSE='#'
AMDEP_TRUE=''
AMTAR='$${TAR-tar}'
AM_BACKSLASH='\'
AM_DEFAULT_V='$(AM_DEFAULT_VERBOSITY)'
AM_DEFAULT_VERBOSITY='1'
AM_V='$(V)'
AR='ar'
AS='as'
AUTOCONF='${SHELL} '\''/home/kali/Bureau/Battle_Ground/SDL2/include/SDL_ttf-main/missing'\'' autoconf'
AUTOHEADER='${SHELL} '\''/home/kali/Bureau/Battle_Ground/SDL2/include/SDL_ttf-main/missing'\'' autoheader'
AUTOMAKE='${SHELL} '\''/home/kali/Bureau/Battle_Ground/SDL2/include/SDL_ttf-main/missing'\'' automake-1.16'
AWK='gawk'
BINARY_AGE='18'
CC='gcc'
CCDEPMODE='depmode=gcc3'
CFLAGS='-g -O2 -D_REENTRANT -I/usr/include/SDL2 -Wall -fvisibility=hidden  -DHAVE_OPENGL'
CPP='gcc -E'
CPPFLAGS=''
CSCOPE='cscope'
CTAGS='ctags'
CXX='g++'
CXXCPP='g++ -E'
CXXDEPMODE='depmode=gcc3'
CXXFLAGS='-g -O2 -Wall -fvisibility=hidden -Wno-unused-result -fno-rtti -fno-exceptions -fno-threadsafe-statics'
CYGPATH_W='echo'
DEFS='-DPACKAGE_NAME=\"SDL2_ttf\" -DPACKAGE_TARNAME=\"SDL2_ttf\" -DPACKAGE_VERSION=\"2.0.18\" -DPACKAGE_STRING=\"SDL2_ttf\ 2.0.18\" -DPACKAGE_BUGREPORT=\"https://github.com/libsdl-org/SDL_ttf/issues\" -DPACKAGE_URL=\"\" -DSTDC_HEADERS=1 -DHAVE_SYS_TYPES_H=1 -DHAVE_SYS_STAT_H=1 -DHAVE_STDLIB_H=1 -DHAVE_STRING_H=1 -DHAVE_MEMORY_H=1 -DHAVE_STRINGS_H=1 -DHAVE_INTTYPES_H=1 -DHAVE_STDINT_H=1 -DHAVE_UNISTD_H=1 -DHAVE_DLFCN_H=1 -DLT_OBJDIR=\".libs/\" -DPACKAGE=\"SDL2_ttf\" -DVERSION=\"2.0.18\" -DHAVE_ALLOCA_H=1 -DHAVE_ALLOCA=1 -DTTF_USE_HARFBUZZ=1 -DHAVE_CXX11=1 -DALIGNOF_STRUCT_CHAR__=1'
DEPDIR='.deps'
DLLTOOL='dlltool'
DSYMUTIL=''
DUMPBIN=''
ECHO_C=''
ECHO_N='-n'
ECHO_T=''
EGREP='/usr/bin/grep -E'
ETAGS='etags'
EXEEXT=''
FGREP='/usr/bin/grep -F'
FT2_CFLAGS=''
FT2_CONFIG=''
FT2_LIBS=''
GL_LIBS=' -lGL'
GREP='/usr/bin/grep'
HAVE_CXX11='1'
HB_CFLAGS=''
HB_LIBS=''
INSTALL_DATA='${INSTALL} -m 644'
INSTALL_PROGRAM='${INSTALL}'
INSTALL_SCRIPT='${INSTALL}'
INSTALL_STRIP_PROGRAM='$(install_sh) -c -s'
INTERFACE_AGE='0'
LD='/usr/bin/ld -m elf_x86_64'
LDFLAGS=''
LIBOBJS=''
LIBS=' -lSDL2'
LIBTOOL='$(SHELL) $(top_builddir)/libtool'
LIPO=''
LN_S='ln -s'
LTLIBOBJS=''
LT_AGE='18'
LT_CURRENT='18'
LT_EXTRA=''
LT_RELEASE='2.0'
LT_REVISION='0'
MAJOR_VERSION='2'
MAKEINFO='${SHELL} '\''/home/kali/Bureau/Battle_Ground/SDL2/include/SDL_ttf-main/missing'\'' makeinfo'
MATHLIB='-lm'
MICRO_VERSION='18'
MINOR_VERSION='0'
MKDIR_P='/usr/bin/mkdir -p'
NM='/usr/bin/nm -B'
NMEDIT=''
OBJDUMP='objdump'
OBJEXT='o'
OS_WIN32_FALSE=''
OS_WIN32_TRUE='#'
OTOOL64=''
OTOOL=''
PACKAGE='SDL2_ttf'
PACKAGE_BUGREPORT='https://github.com/libsdl-org/SDL_ttf/issues'
PACKAGE_NAME='SDL2_ttf'
PACKAGE_STRING='SDL2_ttf 2.0.18'
PACKAGE_TARNAME='SDL2_ttf'
PACKAGE_URL=''
PACKAGE_VERSION='2.0.18'
PATH_SEPARATOR=':'
PC_LIBS=''
PC_REQUIRES=''
PKG_CONFIG='/usr/bin/pkg-config'
PKG_CONFIG_LIBDIR=''
PKG_CONFIG_PATH=''
RANLIB='ranlib'
SDL2_CONFIG='pkg-config sdl2'
SDL_CFLAGS='-D_REENTRANT -I/usr/include/SDL2'
SDL_LIBS='-lSDL2'
SDL_VERSION='2.0.12'
SED='/usr/bin/sed'
SET_MAKE=''
SHELL='/bin/bash'
STRIP='strip'
TTF_CFLAGS=''
TTF_LIBS=''
USE_BUILTIN_FREETYPE_FALSE='#'
USE_BUILTIN_FREETYPE_TRUE=''
USE_BUILTIN_HARFBUZZ_FALSE='#'
USE_BUILTIN_HARFBUZZ_TRUE=''
USE_VERSION_RC_FALSE=''
USE_VERSION_RC_TRUE='#'
VERSION='2.0.18'
WINDRES=''
XMKMF=''
X_CFLAGS=''
X_EXTRA_LIBS=''
X_LIBS=''
X_PRE_LIBS=' -lSM -lICE'
ac_ct_CC='gcc'
ac_ct_CXX='g++'
ac_ct_DUMPBIN=''
am__EXEEXT_FALSE=''
am__EXEEXT_TRUE='#'
am__fastdepCC_FALSE='#'
am__fastdepCC_TRUE=''
am__fastdepCXX_FALSE='#'
am__fastdepCXX_TRUE=''
am__include='include'
am__isrc=''
am__leading_dot='.'
am__nodep='_no'
am__quote=''
am__tar='tar --format=ustar -cf - "$$tardir"'
am__untar='tar -xf -'
bindir='${exec_prefix}/bin'
build='x86_64-pc-linux-gnu'
build_alias=''
build_cpu='x86_64'
build_os='linux-gnu'
build_vendor='pc'
datadir='${datarootdir}'
datarootdir='${prefix}/share'
docdir='${datarootdir}/doc/${PACKAGE_TARNAME}'
dvidir='${docdir}'
exec_prefix='${prefix}'
host='x86_64-pc-linux-gnu'
host_alias=''
host_cpu='x86_64'
host_os='linux-gnu'
host_vendor='pc'
htmldir='${docdir}'
includedir='${prefix}/include'
infodir='${datarootdir}/info'
install_sh='${SHELL} /home/kali/Bureau/Battle_Ground/SDL2/include/SDL_ttf-main/install-sh'
libdir='${exec_prefix}/lib'
libexecdir='${exec_prefix}/libexec'
localedir='${datarootdir}/locale'
localstatedir='${prefix}/var'
lt_ECHO='echo'
mandir='${datarootdir}/man'
mkdir_p='$(MKDIR_P)'
oldincludedir='/usr/include'
pdfdir='${docdir}'
prefix='/usr/local'
program_transform_name='s,x,x,'
psdir='${docdir}'
sbindir='${exec_prefix}/sbin'
sharedstatedir='${prefix}/com'
sysconfdir='${prefix}/etc'
target_alias=''

## ----------- ##
## confdefs.h. ##
## ----------- ##

/* confdefs.h */
#define PACKAGE_NAME "SDL2_ttf"
#define PACKAGE_TARNAME "SDL2_ttf"
#define PACKAGE_VERSION "2.0.18"
#define PACKAGE_STRING "SDL2_ttf 2.0.18"
#define PACKAGE_BUGREPORT "https://github.com/libsdl-org/SDL_ttf/issues"
#define PACKAGE_URL ""
#define STDC_HEADERS 1
#define HAVE_SYS_TYPES_H 1
#define HAVE_SYS_STAT_H 1
#define HAVE_STDLIB_H 1
#define HAVE_STRING_H 1
#define HAVE_MEMORY_H 1
#define HAVE_STRINGS_H 1
#define HAVE_INTTYPES_H 1
#define HAVE_STDINT_H 1
#define HAVE_UNISTD_H 1
#define HAVE_DLFCN_H 1
#define LT_OBJDIR ".libs/"
#define PACKAGE "SDL2_ttf"
#define VERSION "2.0.18"
#define HAVE_ALLOCA_H 1
#define HAVE_ALLOCA 1
#define TTF_USE_HARFBUZZ 1
#define HAVE_CXX11 1
#define ALIGNOF_STRUCT_CHAR__ 1

configure: exit 0
